New log file opened at Sun Mar 26 21:15:30 EDT 2017 by 15713@carter-Blade-Pro
Taking next connection to: 43135
New client attempting to connect on port: 39690-43135
  Address = /127.0.1.1:43135
This client on port 39690 has uuid c5b57ec9-1967-48e3-b449-d76bbd7063bf configName activator humanReadableName Activator protocolVersion 3 featureTags Vector()
Connected Clients: activator-c5b57ec9-1967-48e3-b449-d76bbd7063bf
Taking next connection to: 43135
New client attempting to connect on port: 39692-43135
  Address = /127.0.1.1:43135
Handshake exception on socket: 39692
sbt.impl.ipc.HandshakeException: Unable to perform handshake
	at sbt.impl.ipc.Peer.handshake(IPC.scala:46)
	at sbt.impl.ipc.MultiClientServer.<init>(IPC.scala:150)
	at sbt.server.SbtServerSocketHandler$$anon$1.run(SbtServerSocketHandler.scala:43)
Caused by: java.io.EOFException
	at java.io.DataInputStream.readInt(DataInputStream.java:392)
	at sbt.impl.ipc.Peer.receive(IPC.scala:95)
	at sbt.impl.ipc.Peer.handshake(IPC.scala:49)
	... 2 more
Taking next connection to: 43135
New client attempting to connect on port: 39694-43135
  Address = /127.0.1.1:43135
This client on port 39694 has uuid 318c355b-5f02-497a-9d50-db85c45e59d5 configName activator humanReadableName Activator protocolVersion 3 featureTags Vector()
Connected Clients: activator-c5b57ec9-1967-48e3-b449-d76bbd7063bf, activator-318c355b-5f02-497a-9d50-db85c45e59d5
Taking next connection to: 43135
